<?xml version="1.0" encoding="UTF-8"?>
<!-- Generated by org.testng.reporters.JUnitReportReporter -->
<testsuite hostname="LAPTOP-5BIRP660" failures="0" tests="1" name="com.test.actitime.LoginLogout" time="14.153" errors="0" timestamp="02 Aug 2022 13:48:10 GMT" skipped="0">
  <testcase classname="com.test.actitime.LoginLogout" name="login" time="14.153"/>
</testsuite> <!-- com.test.actitime.LoginLogout -->
